<?xml version="1.0" encoding="UTF-8"?>
<!-- Generated by org.testng.reporters.JUnitReportReporter -->
<testsuite hostname="ILINKNEWLAP112" failures="0" tests="1" name="TestNG.E2E.LoginForm" time="6.859" errors="0" timestamp="11 Aug 2021 07:17:47 GMT">
  <testcase classname="TestNG.E2E.LoginForm" name="LoginToForm" time="6.859"/>
</testsuite> <!-- TestNG.E2E.LoginForm -->
