<?xml version="1.0" encoding="UTF-8"?>
<!-- Generated by org.testng.reporters.JUnitReportReporter -->
<testsuite hostname="ILINKNEWLAP112" failures="0" tests="1" name="TestNG.E2E.UploadFile" time="19.265" errors="0" timestamp="11 Aug 2021 09:41:50 GMT">
  <testcase classname="TestNG.E2E.UploadFile" name="UploadTheFile" time="19.265"/>
</testsuite> <!-- TestNG.E2E.UploadFile -->
